<?xml version="1.0" encoding="UTF-8"?>
<!-- Generated by org.testng.reporters.JUnitReportReporter -->
<testsuite hostname="DESKTOP-302TKVR" failures="0" tests="1" name="tests.CheckOutProcedure" time="38.567" errors="0" timestamp="07 Aug 2020 00:42:34 GMT" skipped="0">
  <testcase classname="tests.CheckOutProcedure" name="checkOut" time="38.567"/>
</testsuite> <!-- tests.CheckOutProcedure -->
