<?xml version="1.0" encoding="UTF-8"?>
<!-- Generated by org.testng.reporters.JUnitReportReporter -->
<testsuite hostname="DESKTOP-302TKVR" failures="0" tests="1" name="tests.CreateAnewAccountTest" time="21.334" errors="0" timestamp="30 Jul 2020 13:01:51 GMT" skipped="0">
  <testcase classname="tests.CreateAnewAccountTest" name="CreateNewAccount" time="21.334"/>
</testsuite> <!-- tests.CreateAnewAccountTest -->
